# JRE version: OpenJDK Runtime Environment (8.0_232-b09) (build 1.8.0_232-8u232-b09-0ubuntu1.1-b09)
# Java VM: OpenJDK 64-Bit Server VM (25.232-b09 mixed mode linux-amd64 compressed oops)
Heap:
 PSYoungGen      total 135680K, used 5177K [0x00000000d6f00000, 0x00000000dfd00000, 0x0000000100000000)
  eden space 126976K, 0% used [0x00000000d6f00000,0x00000000d6f00000,0x00000000deb00000)
  from space 8704K, 59% used [0x00000000df480000,0x00000000df98e5e8,0x00000000dfd00000)
  to   space 9216K, 0% used [0x00000000deb00000,0x00000000deb00000,0x00000000df400000)
 ParOldGen       total 84992K, used 5322K [0x0000000084c00000, 0x0000000089f00000, 0x00000000d6f00000)
  object space 84992K, 6% used [0x0000000084c00000,0x00000000851328f8,0x0000000089f00000)
 Metaspace       used 20918K, capacity 21480K, committed 21628K, reserved 1069056K
  class space    used 2689K, capacity 2874K, committed 2940K, reserved 1048576K
GC Heap History (10 events):
Event: 0.487 GC heap after
Heap after GC invocations=2 (full 0):
 PSYoungGen      total 36864K, used 4836K [0x00000000d6f00000, 0x00000000db700000, 0x0000000100000000)
  eden space 31744K, 0% used [0x00000000d6f00000,0x00000000d6f00000,0x00000000d8e00000)
  from space 5120K, 94% used [0x00000000d9300000,0x00000000d97b90c0,0x00000000d9800000)
  to   space 5120K, 0% used [0x00000000d8e00000,0x00000000d8e00000,0x00000000d9300000)
 ParOldGen       total 84992K, used 16K [0x0000000084c00000, 0x0000000089f00000, 0x00000000d6f00000)
  object space 84992K, 0% used [0x0000000084c00000,0x0000000084c04000,0x0000000089f00000)
 Metaspace       used 11765K, capacity 11960K, committed 12032K, reserved 1060864K
  class space    used 1450K, capacity 1535K, committed 1536K, reserved 1048576K
}
Event: 0.508 GC heap before
{Heap before GC invocations=3 (full 0):
 PSYoungGen      total 36864K, used 36537K [0x00000000d6f00000, 0x00000000db700000, 0x0000000100000000)
  eden space 31744K, 99% used [0x00000000d6f00000,0x00000000d8df5738,0x00000000d8e00000)
  from space 5120K, 94% used [0x00000000d9300000,0x00000000d97b90c0,0x00000000d9800000)
  to   space 5120K, 0% used [0x00000000d8e00000,0x00000000d8e00000,0x00000000d9300000)
 ParOldGen       total 84992K, used 16K [0x0000000084c00000, 0x0000000089f00000, 0x00000000d6f00000)
  object space 84992K, 0% used [0x0000000084c00000,0x0000000084c04000,0x0000000089f00000)
 Metaspace       used 12038K, capacity 12268K, committed 12416K, reserved 1060864K
  class space    used 1482K, capacity 1573K, committed 1664K, reserved 1048576K
Event: 0.511 GC heap after
Heap after GC invocations=3 (full 0):
 PSYoungGen      total 36864K, used 3589K [0x00000000d6f00000, 0x00000000db700000, 0x0000000100000000)
  eden space 31744K, 0% used [0x00000000d6f00000,0x00000000d6f00000,0x00000000d8e00000)
  from space 5120K, 70% used [0x00000000d8e00000,0x00000000d9181518,0x00000000d9300000)
  to   space 5120K, 0% used [0x00000000db200000,0x00000000db200000,0x00000000db700000)
 ParOldGen       total 84992K, used 16K [0x0000000084c00000, 0x0000000089f00000, 0x00000000d6f00000)
  object space 84992K, 0% used [0x0000000084c00000,0x0000000084c04000,0x0000000089f00000)
 Metaspace       used 12038K, capacity 12268K, committed 12416K, reserved 1060864K
  class space    used 1482K, capacity 1573K, committed 1664K, reserved 1048576K
}
Event: 0.586 GC heap before
{Heap before GC invocations=4 (full 0):
 PSYoungGen      total 36864K, used 35333K [0x00000000d6f00000, 0x00000000db700000, 0x0000000100000000)
  eden space 31744K, 100% used [0x00000000d6f00000,0x00000000d8e00000,0x00000000d8e00000)
  from space 5120K, 70% used [0x00000000d8e00000,0x00000000d9181518,0x00000000d9300000)
  to   space 5120K, 0% used [0x00000000db200000,0x00000000db200000,0x00000000db700000)
 ParOldGen       total 84992K, used 16K [0x0000000084c00000, 0x0000000089f00000, 0x00000000d6f00000)
  object space 84992K, 0% used [0x0000000084c00000,0x0000000084c04000,0x0000000089f00000)
 Metaspace       used 13960K, capacity 14268K, committed 14464K, reserved 1062912K
  class space    used 1720K, capacity 1826K, committed 1920K, reserved 1048576K
Event: 0.590 GC heap after
Heap after GC invocations=4 (full 0):
 PSYoungGen      total 68608K, used 5113K [0x00000000d6f00000, 0x00000000db700000, 0x0000000100000000)
  eden space 63488K, 0% used [0x00000000d6f00000,0x00000000d6f00000,0x00000000dad00000)
  from space 5120K, 99% used [0x00000000db200000,0x00000000db6fe570,0x00000000db700000)
  to   space 5120K, 0% used [0x00000000dad00000,0x00000000dad00000,0x00000000db200000)
 ParOldGen       total 84992K, used 574K [0x0000000084c00000, 0x0000000089f00000, 0x00000000d6f00000)
  object space 84992K, 0% used [0x0000000084c00000,0x0000000084c8fac8,0x0000000089f00000)
 Metaspace       used 13960K, capacity 14268K, committed 14464K, reserved 1062912K
  class space    used 1720K, capacity 1826K, committed 1920K, reserved 1048576K
}
Event: 0.761 GC heap before
{Heap before GC invocations=5 (full 0):
 PSYoungGen      total 68608K, used 67210K [0x00000000d6f00000, 0x00000000db700000, 0x0000000100000000)
  eden space 63488K, 97% used [0x00000000d6f00000,0x00000000daba44a8,0x00000000dad00000)
  from space 5120K, 99% used [0x00000000db200000,0x00000000db6fe570,0x00000000db700000)
  to   space 5120K, 0% used [0x00000000dad00000,0x00000000dad00000,0x00000000db200000)
 ParOldGen       total 84992K, used 574K [0x0000000084c00000, 0x0000000089f00000, 0x00000000d6f00000)
  object space 84992K, 0% used [0x0000000084c00000,0x0000000084c8fac8,0x0000000089f00000)
 Metaspace       used 20681K, capacity 21268K, committed 21504K, reserved 1069056K
  class space    used 2650K, capacity 2806K, committed 2816K, reserved 1048576K
Event: 0.769 GC heap after
Heap after GC invocations=5 (full 0):
 PSYoungGen      total 68608K, used 5108K [0x00000000d6f00000, 0x00000000dfe00000, 0x0000000100000000)
  eden space 63488K, 0% used [0x00000000d6f00000,0x00000000d6f00000,0x00000000dad00000)
  from space 5120K, 99% used [0x00000000dad00000,0x00000000db1fd110,0x00000000db200000)
  to   space 9728K, 0% used [0x00000000df480000,0x00000000df480000,0x00000000dfe00000)
 ParOldGen       total 84992K, used 5314K [0x0000000084c00000, 0x0000000089f00000, 0x00000000d6f00000)
  object space 84992K, 6% used [0x0000000084c00000,0x00000000851308f8,0x0000000089f00000)
 Metaspace       used 20681K, capacity 21268K, committed 21504K, reserved 1069056K
  class space    used 2650K, capacity 2806K, committed 2816K, reserved 1048576K
}
Event: 0.776 GC heap before
{Heap before GC invocations=6 (full 0):
 PSYoungGen      total 68608K, used 7922K [0x00000000d6f00000, 0x00000000dfe00000, 0x0000000100000000)
  eden space 63488K, 4% used [0x00000000d6f00000,0x00000000d71bf7f8,0x00000000dad00000)
  from space 5120K, 99% used [0x00000000dad00000,0x00000000db1fd110,0x00000000db200000)
  to   space 9728K, 0% used [0x00000000df480000,0x00000000df480000,0x00000000dfe00000)
 ParOldGen       total 84992K, used 5314K [0x0000000084c00000, 0x0000000089f00000, 0x00000000d6f00000)
  object space 84992K, 6% used [0x0000000084c00000,0x00000000851308f8,0x0000000089f00000)
 Metaspace       used 20918K, capacity 21480K, committed 21628K, reserved 1069056K
  class space    used 2689K, capacity 2874K, committed 2940K, reserved 1048576K
Event: 0.780 GC heap after
Heap after GC invocations=6 (full 0):
 PSYoungGen      total 135680K, used 5177K [0x00000000d6f00000, 0x00000000dfd00000, 0x0000000100000000)
  eden space 126976K, 0% used [0x00000000d6f00000,0x00000000d6f00000,0x00000000deb00000)
  from space 8704K, 59% used [0x00000000df480000,0x00000000df98e5e8,0x00000000dfd00000)
  to   space 9216K, 0% used [0x00000000deb00000,0x00000000deb00000,0x00000000df400000)
 ParOldGen       total 84992K, used 5322K [0x0000000084c00000, 0x0000000089f00000, 0x00000000d6f00000)
  object space 84992K, 6% used [0x0000000084c00000,0x00000000851328f8,0x0000000089f00000)
 Metaspace       used 20918K, capacity 21480K, committed 21628K, reserved 1069056K
  class space    used 2689K, capacity 2874K, committed 2940K, reserved 1048576K
}
Event: 0.780 GC heap before
{Heap before GC invocations=7 (full 1):
 PSYoungGen      total 135680K, used 5177K [0x00000000d6f00000, 0x00000000dfd00000, 0x0000000100000000)
  eden space 126976K, 0% used [0x00000000d6f00000,0x00000000d6f00000,0x00000000deb00000)
  from space 8704K, 59% used [0x00000000df480000,0x00000000df98e5e8,0x00000000dfd00000)
  to   space 9216K, 0% used [0x00000000deb00000,0x00000000deb00000,0x00000000df400000)
 ParOldGen       total 84992K, used 5322K [0x0000000084c00000, 0x0000000089f00000, 0x00000000d6f00000)
  object space 84992K, 6% used [0x0000000084c00000,0x00000000851328f8,0x0000000089f00000)
 Metaspace       used 20918K, capacity 21480K, committed 21628K, reserved 1069056K
  class space    used 2689K, capacity 2874K, committed 2940K, reserved 1048576K

