# JRE version: OpenJDK Runtime Environment (8.0_232-b09) (build 1.8.0_232-8u232-b09-0ubuntu1.1-b09)
# Java VM: OpenJDK 64-Bit Server VM (25.232-b09 mixed mode linux-amd64 compressed oops)
Heap:
 PSYoungGen      total 133632K, used 92698K [0x00000000d6f00000, 0x00000000e2100000, 0x0000000100000000)
  eden space 123904K, 69% used [0x00000000d6f00000,0x00000000dc2a0370,0x00000000de800000)
  from space 9728K, 72% used [0x00000000de800000,0x00000000deee6660,0x00000000df180000)
  to   space 9728K, 0% used [0x00000000e1780000,0x00000000e1780000,0x00000000e2100000)
 ParOldGen       total 56320K, used 9589K [0x0000000084c00000, 0x0000000088300000, 0x00000000d6f00000)
  object space 56320K, 17% used [0x0000000084c00000,0x000000008555d710,0x0000000088300000)
 Metaspace       used 31572K, capacity 33238K, committed 33456K, reserved 1079296K
  class space    used 4164K, capacity 4504K, committed 4528K, reserved 1048576K
GC Heap History (10 events):
Event: 0.612 GC heap before
{Heap before GC invocations=4 (full 0):
 PSYoungGen      total 36864K, used 35332K [0x00000000d6f00000, 0x00000000db700000, 0x0000000100000000)
  eden space 31744K, 100% used [0x00000000d6f00000,0x00000000d8e00000,0x00000000d8e00000)
  from space 5120K, 70% used [0x00000000d8e00000,0x00000000d9181220,0x00000000d9300000)
  to   space 5120K, 0% used [0x00000000db200000,0x00000000db200000,0x00000000db700000)
 ParOldGen       total 84992K, used 24K [0x0000000084c00000, 0x0000000089f00000, 0x00000000d6f00000)
  object space 84992K, 0% used [0x0000000084c00000,0x0000000084c06000,0x0000000089f00000)
 Metaspace       used 13962K, capacity 14268K, committed 14464K, reserved 1062912K
  class space    used 1720K, capacity 1826K, committed 1920K, reserved 1048576K
Event: 0.617 GC heap after
Heap after GC invocations=4 (full 0):
 PSYoungGen      total 68608K, used 5104K [0x00000000d6f00000, 0x00000000db700000, 0x0000000100000000)
  eden space 63488K, 0% used [0x00000000d6f00000,0x00000000d6f00000,0x00000000dad00000)
  from space 5120K, 99% used [0x00000000db200000,0x00000000db6fc168,0x00000000db700000)
  to   space 5120K, 0% used [0x00000000dad00000,0x00000000dad00000,0x00000000db200000)
 ParOldGen       total 84992K, used 512K [0x0000000084c00000, 0x0000000089f00000, 0x00000000d6f00000)
  object space 84992K, 0% used [0x0000000084c00000,0x0000000084c800d8,0x0000000089f00000)
 Metaspace       used 13962K, capacity 14268K, committed 14464K, reserved 1062912K
  class space    used 1720K, capacity 1826K, committed 1920K, reserved 1048576K
}
Event: 0.797 GC heap before
{Heap before GC invocations=5 (full 0):
 PSYoungGen      total 68608K, used 67631K [0x00000000d6f00000, 0x00000000db700000, 0x0000000100000000)
  eden space 63488K, 98% used [0x00000000d6f00000,0x00000000dac0fd90,0x00000000dad00000)
  from space 5120K, 99% used [0x00000000db200000,0x00000000db6fc168,0x00000000db700000)
  to   space 5120K, 0% used [0x00000000dad00000,0x00000000dad00000,0x00000000db200000)
 ParOldGen       total 84992K, used 512K [0x0000000084c00000, 0x0000000089f00000, 0x00000000d6f00000)
  object space 84992K, 0% used [0x0000000084c00000,0x0000000084c800d8,0x0000000089f00000)
 Metaspace       used 20681K, capacity 21236K, committed 21296K, reserved 1067008K
  class space    used 2654K, capacity 2838K, committed 2864K, reserved 1048576K
Event: 0.805 GC heap after
Heap after GC invocations=5 (full 0):
 PSYoungGen      total 68608K, used 5113K [0x00000000d6f00000, 0x00000000dfe00000, 0x0000000100000000)
  eden space 63488K, 0% used [0x00000000d6f00000,0x00000000d6f00000,0x00000000dad00000)
  from space 5120K, 99% used [0x00000000dad00000,0x00000000db1fe688,0x00000000db200000)
  to   space 9728K, 0% used [0x00000000df480000,0x00000000df480000,0x00000000dfe00000)
 ParOldGen       total 84992K, used 5206K [0x0000000084c00000, 0x0000000089f00000, 0x00000000d6f00000)
  object space 84992K, 6% used [0x0000000084c00000,0x00000000851159d8,0x0000000089f00000)
 Metaspace       used 20681K, capacity 21236K, committed 21296K, reserved 1067008K
  class space    used 2654K, capacity 2838K, committed 2864K, reserved 1048576K
}
Event: 0.805 GC heap before
{Heap before GC invocations=6 (full 1):
 PSYoungGen      total 68608K, used 5113K [0x00000000d6f00000, 0x00000000dfe00000, 0x0000000100000000)
  eden space 63488K, 0% used [0x00000000d6f00000,0x00000000d6f00000,0x00000000dad00000)
  from space 5120K, 99% used [0x00000000dad00000,0x00000000db1fe688,0x00000000db200000)
  to   space 9728K, 0% used [0x00000000df480000,0x00000000df480000,0x00000000dfe00000)
 ParOldGen       total 84992K, used 5206K [0x0000000084c00000, 0x0000000089f00000, 0x00000000d6f00000)
  object space 84992K, 6% used [0x0000000084c00000,0x00000000851159d8,0x0000000089f00000)
 Metaspace       used 20681K, capacity 21236K, committed 21296K, reserved 1067008K
  class space    used 2654K, capacity 2838K, committed 2864K, reserved 1048576K
Event: 0.827 GC heap after
Heap after GC invocations=6 (full 1):
 PSYoungGen      total 68608K, used 0K [0x00000000d6f00000, 0x00000000dfe00000, 0x0000000100000000)
  eden space 63488K, 0% used [0x00000000d6f00000,0x00000000d6f00000,0x00000000dad00000)
  from space 5120K, 0% used [0x00000000dad00000,0x00000000dad00000,0x00000000db200000)
  to   space 9728K, 0% used [0x00000000df480000,0x00000000df480000,0x00000000dfe00000)
 ParOldGen       total 56320K, used 9573K [0x0000000084c00000, 0x0000000088300000, 0x00000000d6f00000)
  object space 56320K, 16% used [0x0000000084c00000,0x0000000085559710,0x0000000088300000)
 Metaspace       used 20679K, capacity 21230K, committed 21296K, reserved 1067008K
  class space    used 2653K, capacity 2837K, committed 2864K, reserved 1048576K
}
Event: 1.096 GC heap before
{Heap before GC invocations=7 (full 1):
 PSYoungGen      total 68608K, used 63488K [0x00000000d6f00000, 0x00000000dfe00000, 0x0000000100000000)
  eden space 63488K, 100% used [0x00000000d6f00000,0x00000000dad00000,0x00000000dad00000)
  from space 5120K, 0% used [0x00000000dad00000,0x00000000dad00000,0x00000000db200000)
  to   space 9728K, 0% used [0x00000000df480000,0x00000000df480000,0x00000000dfe00000)
 ParOldGen       total 56320K, used 9573K [0x0000000084c00000, 0x0000000088300000, 0x00000000d6f00000)
  object space 56320K, 16% used [0x0000000084c00000,0x0000000085559710,0x0000000088300000)
 Metaspace       used 23227K, capacity 23938K, committed 24240K, reserved 1071104K
  class space    used 3025K, capacity 3225K, committed 3248K, reserved 1048576K
Event: 1.101 GC heap after
Heap after GC invocations=7 (full 1):
 PSYoungGen      total 109568K, used 6455K [0x00000000d6f00000, 0x00000000dfb00000, 0x0000000100000000)
  eden space 102912K, 0% used [0x00000000d6f00000,0x00000000d6f00000,0x00000000dd380000)
  from space 6656K, 96% used [0x00000000df480000,0x00000000dfacdd90,0x00000000dfb00000)
  to   space 9728K, 0% used [0x00000000de800000,0x00000000de800000,0x00000000df180000)
 ParOldGen       total 56320K, used 9581K [0x0000000084c00000, 0x0000000088300000, 0x00000000d6f00000)
  object space 56320K, 17% used [0x0000000084c00000,0x000000008555b710,0x0000000088300000)
 Metaspace       used 23227K, capacity 23938K, committed 24240K, reserved 1071104K
  class space    used 3025K, capacity 3225K, committed 3248K, reserved 1048576K
}
Event: 1.344 GC heap before
{Heap before GC invocations=8 (full 1):
 PSYoungGen      total 109568K, used 109367K [0x00000000d6f00000, 0x00000000dfb00000, 0x0000000100000000)
  eden space 102912K, 100% used [0x00000000d6f00000,0x00000000dd380000,0x00000000dd380000)
  from space 6656K, 96% used [0x00000000df480000,0x00000000dfacdd90,0x00000000dfb00000)
  to   space 9728K, 0% used [0x00000000de800000,0x00000000de800000,0x00000000df180000)
 ParOldGen       total 56320K, used 9581K [0x0000000084c00000, 0x0000000088300000, 0x00000000d6f00000)
  object space 56320K, 17% used [0x0000000084c00000,0x000000008555b710,0x0000000088300000)
 Metaspace       used 26023K, capacity 26898K, committed 27184K, reserved 1073152K
  class space    used 3364K, capacity 3572K, committed 3632K, reserved 1048576K
Event: 1.349 GC heap after
Heap after GC invocations=8 (full 1):
 PSYoungGen      total 133632K, used 7065K [0x00000000d6f00000, 0x00000000e2100000, 0x0000000100000000)
  eden space 123904K, 0% used [0x00000000d6f00000,0x00000000d6f00000,0x00000000de800000)
  from space 9728K, 72% used [0x00000000de800000,0x00000000deee6660,0x00000000df180000)
  to   space 9728K, 0% used [0x00000000e1780000,0x00000000e1780000,0x00000000e2100000)
 ParOldGen       total 56320K, used 9589K [0x0000000084c00000, 0x0000000088300000, 0x00000000d6f00000)
  object space 56320K, 17% used [0x0000000084c00000,0x000000008555d710,0x0000000088300000)
 Metaspace       used 26023K, capacity 26898K, committed 27184K, reserved 1073152K
  class space    used 3364K, capacity 3572K, committed 3632K, reserved 1048576K
}

